  Source.cpp
C:\Users\IVT-344-7\source\repos\GitHub\course-project\CourseProjectOnC\CourseProjectOnC\Handbook.h(183,17): warning C4101: z: неиспользованная локальная переменная
C:\Users\IVT-344-7\source\repos\GitHub\course-project\CourseProjectOnC\CourseProjectOnC\SoundSynth.h(248,7): warning C4101: nSize: неиспользованная локальная переменная
C:\Users\IVT-344-7\source\repos\GitHub\course-project\CourseProjectOnC\CourseProjectOnC\SoundSynth.h(248,20): warning C4101: str: неиспользованная локальная переменная
C:\Users\IVT-344-7\source\repos\GitHub\course-project\CourseProjectOnC\CourseProjectOnC\SoundSynth.h(261,7): warning C4101: nSize: неиспользованная локальная переменная
C:\Users\IVT-344-7\source\repos\GitHub\course-project\CourseProjectOnC\CourseProjectOnC\SoundSynth.h(261,20): warning C4101: str: неиспользованная локальная переменная
C:\Users\IVT-344-7\source\repos\GitHub\course-project\CourseProjectOnC\CourseProjectOnC\SoundSynth.h(273,7): warning C4101: nSize: неиспользованная локальная переменная
C:\Users\IVT-344-7\source\repos\GitHub\course-project\CourseProjectOnC\CourseProjectOnC\SoundSynth.h(273,20): warning C4101: str: неиспользованная локальная переменная
C:\Users\IVT-344-7\source\repos\GitHub\course-project\CourseProjectOnC\CourseProjectOnC\SoundSynth.h(286,7): warning C4101: nSize: неиспользованная локальная переменная
C:\Users\IVT-344-7\source\repos\GitHub\course-project\CourseProjectOnC\CourseProjectOnC\SoundSynth.h(286,20): warning C4101: str: неиспользованная локальная переменная
C:\Users\IVT-344-7\source\repos\GitHub\course-project\CourseProjectOnC\CourseProjectOnC\SoundSynth.h(299,7): warning C4101: nSize: неиспользованная локальная переменная
C:\Users\IVT-344-7\source\repos\GitHub\course-project\CourseProjectOnC\CourseProjectOnC\SoundSynth.h(299,20): warning C4101: str: неиспользованная локальная переменная
C:\Users\IVT-344-7\source\repos\GitHub\course-project\CourseProjectOnC\CourseProjectOnC\SeaBattle.h(19,14): warning C4838: Преобразование из "int" в "SHORT" требует сужающего преобразования.
C:\Users\IVT-344-7\source\repos\GitHub\course-project\CourseProjectOnC\CourseProjectOnC\SeaBattle.h(19,17): warning C4838: Преобразование из "int" в "SHORT" требует сужающего преобразования.
C:\Users\IVT-344-7\source\repos\GitHub\course-project\CourseProjectOnC\CourseProjectOnC\SeaBattle.h(189,12): warning C4244: аргумент: преобразование "time_t" в "unsigned int", возможна потеря данных
C:\Users\IVT-344-7\source\repos\GitHub\course-project\CourseProjectOnC\CourseProjectOnC\SeaBattle.h(628,8): warning C4101: coordinate: неиспользованная локальная переменная
C:\Users\IVT-344-7\source\repos\GitHub\course-project\CourseProjectOnC\CourseProjectOnC\MusicBox.h(366,14): warning C4838: Преобразование из "int" в "SHORT" требует сужающего преобразования.
C:\Users\IVT-344-7\source\repos\GitHub\course-project\CourseProjectOnC\CourseProjectOnC\MusicBox.h(366,17): warning C4838: Преобразование из "int" в "SHORT" требует сужающего преобразования.
C:\Users\IVT-344-7\source\repos\GitHub\course-project\CourseProjectOnC\CourseProjectOnC\Source.cpp(174,32): warning C4244: аргумент: преобразование "double" в "int", возможна потеря данных
C:\Users\IVT-344-7\source\repos\GitHub\course-project\CourseProjectOnC\CourseProjectOnC\Source.cpp(174,21): warning C4244: аргумент: преобразование "double" в "int", возможна потеря данных
C:\Users\IVT-344-7\source\repos\GitHub\course-project\CourseProjectOnC\CourseProjectOnC\Source.cpp(177,34): warning C4244: аргумент: преобразование "double" в "int", возможна потеря данных
C:\Users\IVT-344-7\source\repos\GitHub\course-project\CourseProjectOnC\CourseProjectOnC\Source.cpp(177,23): warning C4244: аргумент: преобразование "double" в "int", возможна потеря данных
C:\Users\IVT-344-7\source\repos\GitHub\course-project\CourseProjectOnC\CourseProjectOnC\Source.cpp(181,29): warning C4244: аргумент: преобразование "double" в "int", возможна потеря данных
C:\Users\IVT-344-7\source\repos\GitHub\course-project\CourseProjectOnC\CourseProjectOnC\Source.cpp(181,18): warning C4244: аргумент: преобразование "double" в "int", возможна потеря данных
C:\Users\IVT-344-7\source\repos\GitHub\course-project\CourseProjectOnC\CourseProjectOnC\Source.cpp(186,32): warning C4244: аргумент: преобразование "double" в "int", возможна потеря данных
C:\Users\IVT-344-7\source\repos\GitHub\course-project\CourseProjectOnC\CourseProjectOnC\Source.cpp(186,21): warning C4244: аргумент: преобразование "double" в "int", возможна потеря данных
C:\Users\IVT-344-7\source\repos\GitHub\course-project\CourseProjectOnC\CourseProjectOnC\Source.cpp(189,34): warning C4244: аргумент: преобразование "double" в "int", возможна потеря данных
C:\Users\IVT-344-7\source\repos\GitHub\course-project\CourseProjectOnC\CourseProjectOnC\Source.cpp(189,23): warning C4244: аргумент: преобразование "double" в "int", возможна потеря данных
C:\Users\IVT-344-7\source\repos\GitHub\course-project\CourseProjectOnC\CourseProjectOnC\Source.cpp(193,29): warning C4244: аргумент: преобразование "double" в "int", возможна потеря данных
C:\Users\IVT-344-7\source\repos\GitHub\course-project\CourseProjectOnC\CourseProjectOnC\Source.cpp(193,18): warning C4244: аргумент: преобразование "double" в "int", возможна потеря данных
C:\Users\IVT-344-7\source\repos\GitHub\course-project\CourseProjectOnC\CourseProjectOnC\Source.cpp(356,22): warning C4838: Преобразование из "int" в "SHORT" требует сужающего преобразования.
C:\Users\IVT-344-7\source\repos\GitHub\course-project\CourseProjectOnC\CourseProjectOnC\Source.cpp(356,29): warning C4838: Преобразование из "int" в "SHORT" требует сужающего преобразования.
  CourseProjectOnC.vcxproj -> C:\Users\IVT-344-7\source\repos\GitHub\course-project\CourseProjectOnC\Debug\CourseProjectOnC.exe
