  Source.cpp
C:\Users\IVT-344-7\source\repos\GitHub\course-project\CourseProjectOnC\CourseProjectOnC\Handbook.h(185,17): warning C4101: z: неиспользованная локальная переменная
C:\Users\IVT-344-7\source\repos\GitHub\course-project\CourseProjectOnC\CourseProjectOnC\SoundSynth.h(248,7): warning C4101: nSize: неиспользованная локальная переменная
C:\Users\IVT-344-7\source\repos\GitHub\course-project\CourseProjectOnC\CourseProjectOnC\SoundSynth.h(248,20): warning C4101: str: неиспользованная локальная переменная
C:\Users\IVT-344-7\source\repos\GitHub\course-project\CourseProjectOnC\CourseProjectOnC\SoundSynth.h(261,7): warning C4101: nSize: неиспользованная локальная переменная
C:\Users\IVT-344-7\source\repos\GitHub\course-project\CourseProjectOnC\CourseProjectOnC\SoundSynth.h(261,20): warning C4101: str: неиспользованная локальная переменная
C:\Users\IVT-344-7\source\repos\GitHub\course-project\CourseProjectOnC\CourseProjectOnC\SoundSynth.h(273,7): warning C4101: nSize: неиспользованная локальная переменная
C:\Users\IVT-344-7\source\repos\GitHub\course-project\CourseProjectOnC\CourseProjectOnC\SoundSynth.h(273,20): warning C4101: str: неиспользованная локальная переменная
C:\Users\IVT-344-7\source\repos\GitHub\course-project\CourseProjectOnC\CourseProjectOnC\SoundSynth.h(286,7): warning C4101: nSize: неиспользованная локальная переменная
C:\Users\IVT-344-7\source\repos\GitHub\course-project\CourseProjectOnC\CourseProjectOnC\SoundSynth.h(286,20): warning C4101: str: неиспользованная локальная переменная
C:\Users\IVT-344-7\source\repos\GitHub\course-project\CourseProjectOnC\CourseProjectOnC\SoundSynth.h(299,7): warning C4101: nSize: неиспользованная локальная переменная
C:\Users\IVT-344-7\source\repos\GitHub\course-project\CourseProjectOnC\CourseProjectOnC\SoundSynth.h(299,20): warning C4101: str: неиспользованная локальная переменная
C:\Users\IVT-344-7\source\repos\GitHub\course-project\CourseProjectOnC\CourseProjectOnC\SeaBattle.h(19,14): warning C4838: Преобразование из "int" в "SHORT" требует сужающего преобразования.
C:\Users\IVT-344-7\source\repos\GitHub\course-project\CourseProjectOnC\CourseProjectOnC\SeaBattle.h(19,17): warning C4838: Преобразование из "int" в "SHORT" требует сужающего преобразования.
C:\Users\IVT-344-7\source\repos\GitHub\course-project\CourseProjectOnC\CourseProjectOnC\SeaBattle.h(189,12): warning C4244: аргумент: преобразование "time_t" в "unsigned int", возможна потеря данных
C:\Users\IVT-344-7\source\repos\GitHub\course-project\CourseProjectOnC\CourseProjectOnC\SeaBattle.h(628,8): warning C4101: coordinate: неиспользованная локальная переменная
C:\Users\IVT-344-7\source\repos\GitHub\course-project\CourseProjectOnC\CourseProjectOnC\MusicBox.h(362,14): warning C4838: Преобразование из "int" в "SHORT" требует сужающего преобразования.
C:\Users\IVT-344-7\source\repos\GitHub\course-project\CourseProjectOnC\CourseProjectOnC\MusicBox.h(362,17): warning C4838: Преобразование из "int" в "SHORT" требует сужающего преобразования.
C:\Users\IVT-344-7\source\repos\GitHub\course-project\CourseProjectOnC\CourseProjectOnC\Source.cpp(179,32): warning C4244: аргумент: преобразование "double" в "int", возможна потеря данных
C:\Users\IVT-344-7\source\repos\GitHub\course-project\CourseProjectOnC\CourseProjectOnC\Source.cpp(179,21): warning C4244: аргумент: преобразование "double" в "int", возможна потеря данных
C:\Users\IVT-344-7\source\repos\GitHub\course-project\CourseProjectOnC\CourseProjectOnC\Source.cpp(182,34): warning C4244: аргумент: преобразование "double" в "int", возможна потеря данных
C:\Users\IVT-344-7\source\repos\GitHub\course-project\CourseProjectOnC\CourseProjectOnC\Source.cpp(182,23): warning C4244: аргумент: преобразование "double" в "int", возможна потеря данных
C:\Users\IVT-344-7\source\repos\GitHub\course-project\CourseProjectOnC\CourseProjectOnC\Source.cpp(186,29): warning C4244: аргумент: преобразование "double" в "int", возможна потеря данных
C:\Users\IVT-344-7\source\repos\GitHub\course-project\CourseProjectOnC\CourseProjectOnC\Source.cpp(186,18): warning C4244: аргумент: преобразование "double" в "int", возможна потеря данных
C:\Users\IVT-344-7\source\repos\GitHub\course-project\CourseProjectOnC\CourseProjectOnC\Source.cpp(191,32): warning C4244: аргумент: преобразование "double" в "int", возможна потеря данных
C:\Users\IVT-344-7\source\repos\GitHub\course-project\CourseProjectOnC\CourseProjectOnC\Source.cpp(191,21): warning C4244: аргумент: преобразование "double" в "int", возможна потеря данных
C:\Users\IVT-344-7\source\repos\GitHub\course-project\CourseProjectOnC\CourseProjectOnC\Source.cpp(194,34): warning C4244: аргумент: преобразование "double" в "int", возможна потеря данных
C:\Users\IVT-344-7\source\repos\GitHub\course-project\CourseProjectOnC\CourseProjectOnC\Source.cpp(194,23): warning C4244: аргумент: преобразование "double" в "int", возможна потеря данных
C:\Users\IVT-344-7\source\repos\GitHub\course-project\CourseProjectOnC\CourseProjectOnC\Source.cpp(198,29): warning C4244: аргумент: преобразование "double" в "int", возможна потеря данных
C:\Users\IVT-344-7\source\repos\GitHub\course-project\CourseProjectOnC\CourseProjectOnC\Source.cpp(198,18): warning C4244: аргумент: преобразование "double" в "int", возможна потеря данных
C:\Users\IVT-344-7\source\repos\GitHub\course-project\CourseProjectOnC\CourseProjectOnC\Source.cpp(361,22): warning C4838: Преобразование из "int" в "SHORT" требует сужающего преобразования.
C:\Users\IVT-344-7\source\repos\GitHub\course-project\CourseProjectOnC\CourseProjectOnC\Source.cpp(361,29): warning C4838: Преобразование из "int" в "SHORT" требует сужающего преобразования.
Source.obj : error LNK2001: неразрешенный внешний символ __imp_PlaySoundA.
C:\Users\IVT-344-7\source\repos\GitHub\course-project\CourseProjectOnC\x64\Release\CourseProjectOnC.exe : fatal error LNK1120: неразрешенных внешних элементов: 1
